<?xml version="1.0"?>
<testsuite name="Chrome 49.0.2623 (Windows 10 0.0.0)" package="" timestamp="2016-03-31T20:22:10" id="0" hostname="LAPTOP-EMPPAO96" tests="48" errors="0" failures="0" time="0.37">
  <properties>
    <property name="browser.fullName" value="Mozilla/5.0 (Windows NT 10.0; WOW64) AppleWebKit/537.36 (KHTML, like Gecko) Chrome/49.0.2623.110 Safari/537.36"/>
  </properties>
  <testcase name="File Selector Controller: 'onSelectHdd' should be defined" time="0.022" classname="File Selector Controller:"/>
  <testcase name="File Selector Controller: 'onSelectDropbox' should be defined" time="0.005" classname="File Selector Controller:"/>
  <testcase name="File Selector Controller: 'onSelectHdd' should be a function" time="0.004" classname="File Selector Controller:"/>
  <testcase name="File Selector Controller: 'onSelectDropbox' should be a function" time="0.002" classname="File Selector Controller:"/>
  <testcase name="File Selector Controller: 'selectHdd' should call 'onSelectHdd' and set 'selectedFile' field" time="0.004" classname="File Selector Controller:"/>
  <testcase name="File Selector Controller: 'selectDropbox' should call 'onSelectDropbox' and set 'selectedFile' field" time="0.003" classname="File Selector Controller:"/>
  <testcase name="File Selector Controller: 'selectHdd' function should pass 'sample.mp3' to 'onSelectHdd'" time="0.002" classname="File Selector Controller:"/>
  <testcase name="File Selector Controller: 'selectDropbox' function should pass 'demo.wav' to 'onSelectDropbox'" time="0.001" classname="File Selector Controller:"/>
  <testcase name="HDD File Reader Controller: 'onSelect should be defined" time="0.001" classname="HDD File Reader Controller:"/>
  <testcase name="HDD File Reader Controller: 'onSelect' should be a function" time="0.004" classname="HDD File Reader Controller:"/>
  <testcase name="HDD File Reader Controller: 'change' should call 'onSelect'" time="0.002" classname="HDD File Reader Controller:"/>
  <testcase name="HDD File Reader Controller: 'change' function should pass 'sample.mp3' file to 'onSelect' function" time="0.001" classname="HDD File Reader Controller:"/>
  <testcase name="HDD File Reader Controller: 'change' function should pass 'sample.wav' file to 'onSelect' function" time="0.001" classname="HDD File Reader Controller:"/>
  <testcase name="HDD File Reader Controller: 'change' function should throw an exception if the file isn't passed" time="0.001" classname="HDD File Reader Controller:"/>
  <testcase name="HDD File Reader Directive: selecting a file should trigger controller's 'change' function" time="0.031" classname="HDD File Reader Directive:"/>
  <testcase name="Scrollable Agreement Controller: 'onAgree should be defined" time="0.005" classname="Scrollable Agreement Controller:"/>
  <testcase name="Scrollable Agreement Controller: 'onAgree' should be a function" time="0.053" classname="Scrollable Agreement Controller:"/>
  <testcase name="Scrollable Agreement Controller: 'agree' should call 'onAgree'" time="0.006" classname="Scrollable Agreement Controller:"/>
  <testcase name="Scrollable Agreement Controller: 'agree' function should pass 'false' to 'onAgree'" time="0.008" classname="Scrollable Agreement Controller:"/>
  <testcase name="Scrollable Agreement Controller: 'agree' function should pass 'true' to 'onAgree'" time="0.001" classname="Scrollable Agreement Controller:"/>
  <testcase name="Scrollable Agreement Directive: agreement height should be 300px" time="0.035" classname="Scrollable Agreement Directive:"/>
  <testcase name="Scrollable Agreement Directive: agreement checkbox should be initially disabled" time="0.019" classname="Scrollable Agreement Directive:"/>
  <testcase name="Scrollable Agreement Directive: agreement checkbox should be disabled after scrolling by 1%" time="0.02" classname="Scrollable Agreement Directive:"/>
  <testcase name="Scrollable Agreement Directive: agreement checkbox should be disabled after scrolling by 10%" time="0.014" classname="Scrollable Agreement Directive:"/>
  <testcase name="Scrollable Agreement Directive: agreement checkbox should be disabled after scrolling by 50%" time="0.015" classname="Scrollable Agreement Directive:"/>
  <testcase name="Scrollable Agreement Directive: agreement checkbox should be disabled after scrolling by 99%" time="0.016" classname="Scrollable Agreement Directive:"/>
  <testcase name="Scrollable Agreement Directive: agreement checkbox should be enabled after scrolling by 100%" time="0.013" classname="Scrollable Agreement Directive:"/>
  <testcase name="Music File Form Controller: 'musicFormats' should be injected" time="0.004" classname="Music File Form Controller:"/>
  <testcase name="Music File Form Controller: 'musicSize' should be injected" time="0.003" classname="Music File Form Controller:"/>
  <testcase name="Music File Form Controller: 'onNext' should be defined" time="0.002" classname="Music File Form Controller:"/>
  <testcase name="Music File Form Controller: 'onPrevious' should be defined" time="0.004" classname="Music File Form Controller:"/>
  <testcase name="Music File Form Controller: 'onNext' should be a function" time="0.003" classname="Music File Form Controller:"/>
  <testcase name="Music File Form Controller: 'onPrevious' should be a function" time="0.002" classname="Music File Form Controller:"/>
  <testcase name="Music File Form Controller: 'validateFormat' should return 'false' for 'hands up!.mp4'" time="0.003" classname="Music File Form Controller:"/>
  <testcase name="Music File Form Controller: 'validateFormat' should return 'false' for 'liar.ogg'" time="0.021" classname="Music File Form Controller:"/>
  <testcase name="Music File Form Controller: 'validateFormat' should return 'false' for 'heartbreak.m4a'" time="0.007" classname="Music File Form Controller:"/>
  <testcase name="Music File Form Controller: 'validateFormat' should return 'true' for 'skyfall.mp3'" time="0.006" classname="Music File Form Controller:"/>
  <testcase name="Music File Form Controller: 'validateFormat' should return 'true' for 'placebo.wav'" time="0.009" classname="Music File Form Controller:"/>
  <testcase name="Music File Form Controller: 'validateSize' should return 'false' for '11MB'" time="0.001" classname="Music File Form Controller:"/>
  <testcase name="Music File Form Controller: 'validateSize' should return 'true' for '10MB" time="0.002" classname="Music File Form Controller:"/>
  <testcase name="Music File Form Controller: 'selectDropbox' should set 'data' field and mark 'form.invalid' flag as 'false'" time="0.002" classname="Music File Form Controller:"/>
  <testcase name="Music File Form Controller: 'selectHdd' should set 'data' field and mark 'form.invalid' flag as 'false'" time="0.002" classname="Music File Form Controller:"/>
  <testcase name="Music File Form Controller: 'selectHdd' should not set 'data' field and mark 'form.invalid' flag as 'true'" time="0.002" classname="Music File Form Controller:"/>
  <testcase name="Music File Form Controller: 'selectHdd' should set not 'data' field and mark 'form.invalid' flag as 'true'" time="0.001" classname="Music File Form Controller:"/>
  <testcase name="Music File Form Controller: 'submit' function shouldn't call 'onNext'" time="0.001" classname="Music File Form Controller:"/>
  <testcase name="Music File Form Controller: 'submit' function shouldn't call 'onNext'" time="0.003" classname="Music File Form Controller:"/>
  <testcase name="Music File Form Controller: 'reset' function should call 'onPrevious'" time="0.002" classname="Music File Form Controller:"/>
  <testcase name="Music File Form Controller: 'reset' function should call 'onPrevious'" time="0.001" classname="Music File Form Controller:"/>
  <system-out>
    <![CDATA[
]]>
  </system-out>
  <system-err/>
</testsuite>